ERC report (2024-10-18T12:59:34+0000, Encoding UTF8)

***** Sheet /
[lib_symbol_issues]: The current configuration does not include the library '1GlobalSymbolsLibrary'
    ; warning
    @(5.0038 mm, 0.5334 mm): Symbol Q2 [Si2367DS]

[lib_symbol_issues]: The current configuration does not include the library '1GlobalSymbolsLibrary'
    ; warning
    @(2.4003 mm, 0.762 mm): Symbol Q4 [Si2367DS]

[lib_symbol_issues]: The current configuration does not include the library '1GlobalSymbolsLibrary'
    ; warning
    @(3.9243 mm, 0.4826 mm): Symbol SW2 [SLLB510100]

[lib_symbol_issues]: The current configuration does not include the library '1GlobalSymbolsLibrary'
    ; warning
    @(1.9812 mm, 3.7211 mm): Symbol IC8 [BR24G1MFVT]

[lib_symbol_issues]: The current configuration does not include the library '1GlobalSymbolsLibrary'
    ; warning
    @(2.3241 mm, 3.7211 mm): Symbol IC9 [BR24G1MFVT]

[lib_symbol_issues]: The current configuration does not include the library '1GlobalSymbolsLibrary'
    ; warning
    @(2.9972 mm, 3.7211 mm): Symbol IC11 [BR24G1MFVT]

[lib_symbol_issues]: The current configuration does not include the library '1GlobalSymbolsLibrary'
    ; warning
    @(2.6543 mm, 3.7211 mm): Symbol IC10 [BR24G1MFVT]

[lib_symbol_issues]: The current configuration does not include the library '1GlobalSymbolsLibrary'
    ; warning
    @(1.7653 mm, 2.9845 mm): Symbol Q3 [Si2367DS]

 ** ERC messages: 8  Errors 0  Warnings 8
